11:46:53.732 [main] INFO  api.test.UserTests - *****************Creating  user*********************
11:46:57.509 [main] INFO  api.test.UserTests - *****************user is created *******************
11:46:57.515 [main] INFO  api.test.UserTests - ******************reading user info*******************
11:46:58.677 [main] INFO  api.test.UserTests - **********************user info is displayed***************
11:46:58.680 [main] INFO  api.test.UserTests - ******************updating user info*******************
11:46:59.763 [main] INFO  api.test.UserTests - ******************updated user info*******************
11:47:00.894 [main] INFO  api.test.UserTests - ******************deleting user info*******************
11:47:02.019 [main] INFO  api.test.UserTests - ******************deleted user info*******************
11:49:40.576 [main] INFO  api.test.UserTests - *****************Creating  user*********************
11:49:44.364 [main] INFO  api.test.UserTests - *****************user is created *******************
11:49:44.382 [main] INFO  api.test.UserTests - ******************reading user info*******************
11:49:45.550 [main] INFO  api.test.UserTests - **********************user info is displayed***************
11:49:45.553 [main] INFO  api.test.UserTests - ******************updating user info*******************
11:49:46.651 [main] INFO  api.test.UserTests - ******************updated user info*******************
11:49:47.818 [main] INFO  api.test.UserTests - ******************deleting user info*******************
11:49:48.958 [main] INFO  api.test.UserTests - ******************deleted user info*******************
13:59:10.174 [main] INFO  api.test.UserTests - *****************Creating  user*********************
13:59:14.610 [main] INFO  api.test.UserTests - *****************user is created *******************
13:59:14.632 [main] INFO  api.test.UserTests - ******************reading user info*******************
13:59:15.968 [main] INFO  api.test.UserTests - **********************user info is displayed***************
13:59:15.971 [main] INFO  api.test.UserTests - ******************updating user info*******************
13:59:17.469 [main] INFO  api.test.UserTests - ******************updated user info*******************
13:59:18.794 [main] INFO  api.test.UserTests - ******************deleting user info*******************
13:59:20.123 [main] INFO  api.test.UserTests - ******************deleted user info*******************
15:05:00.781 [main] INFO  api.test.UserTests - *****************Creating  user*********************
15:05:07.314 [main] INFO  api.test.UserTests - *****************user is created *******************
15:05:07.339 [main] INFO  api.test.UserTests - ******************reading user info*******************
15:05:09.617 [main] INFO  api.test.UserTests - **********************user info is displayed***************
15:05:09.621 [main] INFO  api.test.UserTests - ******************updating user info*******************
15:05:11.866 [main] INFO  api.test.UserTests - ******************updated user info*******************
15:05:14.031 [main] INFO  api.test.UserTests - ******************deleting user info*******************
15:05:16.340 [main] INFO  api.test.UserTests - ******************deleted user info*******************
17:47:29.819 [main] INFO  api.test.UserTests - *****************Creating  user*********************
17:47:34.468 [main] INFO  api.test.UserTests - *****************user is created *******************
17:47:34.487 [main] INFO  api.test.UserTests - ******************reading user info*******************
17:47:35.877 [main] INFO  api.test.UserTests - **********************user info is displayed***************
17:47:35.880 [main] INFO  api.test.UserTests - ******************updating user info*******************
17:47:37.282 [main] INFO  api.test.UserTests - ******************updated user info*******************
17:47:38.545 [main] INFO  api.test.UserTests - ******************deleting user info*******************
17:47:39.870 [main] INFO  api.test.UserTests - ******************deleted user info*******************
18:37:55.548 [main] INFO  api.test.UserTests - *****************Creating  user*********************
18:38:01.270 [main] INFO  api.test.UserTests - *****************user is created *******************
18:38:01.297 [main] INFO  api.test.UserTests - ******************reading user info*******************
18:38:04.309 [main] INFO  api.test.UserTests - **********************user info is displayed***************
18:38:04.313 [main] INFO  api.test.UserTests - ******************updating user info*******************
18:38:07.092 [main] INFO  api.test.UserTests - ******************updated user info*******************
18:38:09.016 [main] INFO  api.test.UserTests - ******************deleting user info*******************
18:38:10.707 [main] INFO  api.test.UserTests - ******************deleted user info*******************
10:55:34.918 [main] INFO  api.test.UserTests - *****************Creating  user*********************
10:55:43.428 [main] INFO  api.test.UserTests - ******************reading user info*******************
10:55:43.523 [main] INFO  api.test.UserTests - ******************updating user info*******************
10:55:43.576 [main] INFO  api.test.UserTests - ******************deleting user info*******************
10:57:26.129 [main] INFO  api.test.UserTests - *****************Creating  user*********************
10:57:32.271 [main] INFO  api.test.UserTests - ******************reading user info*******************
10:57:32.306 [main] INFO  api.test.UserTests - ******************updating user info*******************
10:57:32.326 [main] INFO  api.test.UserTests - ******************deleting user info*******************
11:00:34.246 [main] INFO  api.test.UserTests - *****************Creating  user*********************
11:00:48.689 [main] INFO  api.test.UserTests - ******************reading user info*******************
11:00:48.776 [main] INFO  api.test.UserTests - ******************updating user info*******************
11:00:48.825 [main] INFO  api.test.UserTests - ******************deleting user info*******************
11:07:24.867 [main] INFO  api.test.UserTests - *****************Creating  user*********************
11:07:30.198 [main] INFO  api.test.UserTests - ******************reading user info*******************
11:07:30.270 [main] INFO  api.test.UserTests - ******************updating user info*******************
11:07:30.301 [main] INFO  api.test.UserTests - ******************deleting user info*******************
11:08:17.315 [main] INFO  api.test.UserTests - *****************Creating  user*********************
11:08:26.438 [main] INFO  api.test.UserTests - ******************reading user info*******************
11:08:26.534 [main] INFO  api.test.UserTests - ******************updating user info*******************
11:08:26.583 [main] INFO  api.test.UserTests - ******************deleting user info*******************
11:10:02.159 [main] INFO  api.test.UserTests - *****************Creating  user*********************
11:10:07.722 [main] INFO  api.test.UserTests - *****************user is created *******************
11:10:07.744 [main] INFO  api.test.UserTests - ******************reading user info*******************
11:10:09.592 [main] INFO  api.test.UserTests - **********************user info is displayed***************
11:10:09.596 [main] INFO  api.test.UserTests - ******************updating user info*******************
11:10:11.304 [main] INFO  api.test.UserTests - ******************updated user info*******************
11:10:14.008 [main] INFO  api.test.UserTests - ******************deleting user info*******************
11:10:15.869 [main] INFO  api.test.UserTests - ******************deleted user info*******************
11:29:13.049 [main] INFO  api.test.UserTests - *****************Creating  user*********************
11:29:20.429 [main] INFO  api.test.UserTests - *****************user is created *******************
11:29:20.458 [main] INFO  api.test.UserTests - ******************reading user info*******************
11:29:22.288 [main] INFO  api.test.UserTests - **********************user info is displayed***************
11:29:22.293 [main] INFO  api.test.UserTests - ******************updating user info*******************
11:29:24.621 [main] INFO  api.test.UserTests - ******************updated user info*******************
11:29:26.812 [main] INFO  api.test.UserTests - ******************deleting user info*******************
11:29:29.014 [main] INFO  api.test.UserTests - ******************deleted user info*******************
11:30:34.115 [main] INFO  api.test.UserTests - *****************Creating  user*********************
11:30:39.857 [main] INFO  api.test.UserTests - *****************user is created *******************
11:30:39.878 [main] INFO  api.test.UserTests - ******************reading user info*******************
11:30:41.676 [main] INFO  api.test.UserTests - **********************user info is displayed***************
11:30:41.680 [main] INFO  api.test.UserTests - ******************updating user info*******************
11:30:43.565 [main] INFO  api.test.UserTests - ******************updated user info*******************
11:30:45.486 [main] INFO  api.test.UserTests - ******************deleting user info*******************
11:30:47.783 [main] INFO  api.test.UserTests - ******************deleted user info*******************
11:34:44.875 [main] INFO  api.test.UserTests - *****************Creating  user*********************
11:34:49.911 [main] INFO  api.test.UserTests - *****************user is created *******************
11:34:49.935 [main] INFO  api.test.UserTests - ******************reading user info*******************
11:34:52.263 [main] INFO  api.test.UserTests - **********************user info is displayed***************
11:34:52.266 [main] INFO  api.test.UserTests - ******************updating user info*******************
11:34:54.221 [main] INFO  api.test.UserTests - ******************updated user info*******************
11:34:56.418 [main] INFO  api.test.UserTests - ******************deleting user info*******************
11:34:58.046 [main] INFO  api.test.UserTests - ******************deleted user info*******************
